Arguments: 
  C:\Program Files\nodejs\node.exe C:\Users\alber\AppData\Roaming\npm\node_modules\yarn\bin\yarn.js add eslint-config-arbnb-base@latest eslint eslint-plugin-import eslint-config-prettier

PATH: 
  C:\Program Files\Common Files\Oracle\Java\javapath;C:\Python310\Scripts\;C:\Python310\;C:\Program Files (x86)\Common Files\Oracle\Java\javapath;C:\Windows\system32;C:\Windows;C:\Windows\System32\Wbem;C:\Windows\System32\WindowsPowerShell\v1.0\;C:\Program Files (x86)\NVIDIA Corporation\PhysX\Common;C:\Program Files (x86)\Skype\Phone\;C:\WINDOWS\system32;C:\WINDOWS;C:\WINDOWS\System32\Wbem;C:\WINDOWS\System32\WindowsPowerShell\v1.0\;C:\WINDOWS\System32\OpenSSH\;C:\MinGW\bin;C:\Users\alber\AppData\Local\Microsoft\WindowsApps;C:\adb;C:\ADB\;C:\Program Files\NVIDIA Corporation\NVIDIA NvDLISR;C:\WINDOWS\system32;C:\WINDOWS;C:\WINDOWS\System32\Wbem;C:\WINDOWS\System32\WindowsPowerShell\v1.0\;C:\WINDOWS\System32\OpenSSH\;C:\MinGW\msys\1.0\bin;C:\Program Files (x86)\dotnet\;d:\altera\91sp2\quartus\bin;"C:\Program Files\Java\jdk-11.0.7\bin\javac.exe\BIN;";C:\Program Files\Java\jdk-11.0.7\bin;C:\Program Files\Microsoft SQL Server\130\Tools\Binn\;C:\ProgramData\chocolatey\bin;C:\Program Files\Git\cmd;C:\Program Files\nodejs\;C:\Users\alber\AppData\Local\Microsoft\WindowsApps;C:\MinGW\bin;C:\Users\alber\AppData\Local\atom\bin;"C:\Program Files\Java\jdk-11.0.7\bin\javac.exe\bin;";"C:\Program Files\Java\jdk-11.0.7\bin;";C:\Users\alber\AppData\Local\Programs\Microsoft VS Code\bin;C:\Users\alber\AppData\Local\GitHubDesktop\bin;C:\Program Files\nodejs;C:\Users\alber\AppData\Roaming\npm

Yarn version: 
  1.22.17

Node version: 
  16.13.2

Platform: 
  win32 x64

Trace: 
  Error: https://registry.yarnpkg.com/eslint-config-arbnb-base: Not found
      at Request.params.callback [as _callback] (C:\Users\alber\AppData\Roaming\npm\node_modules\yarn\lib\cli.js:67029:18)
      at Request.self.callback (C:\Users\alber\AppData\Roaming\npm\node_modules\yarn\lib\cli.js:140883:22)
      at Request.emit (node:events:390:28)
      at Request.<anonymous> (C:\Users\alber\AppData\Roaming\npm\node_modules\yarn\lib\cli.js:141855:10)
      at Request.emit (node:events:390:28)
      at IncomingMessage.<anonymous> (C:\Users\alber\AppData\Roaming\npm\node_modules\yarn\lib\cli.js:141777:12)
      at Object.onceWrapper (node:events:509:28)
      at IncomingMessage.emit (node:events:402:35)
      at endReadableNT (node:internal/streams/readable:1343:12)
      at processTicksAndRejections (node:internal/process/task_queues:83:21)

npm manifest: 
  {
    "name": "ch1",
    "version": "1.0.0",
    "main": "index.js",
    "license": "MIT",
    "devDependencies": {
      "@babel/plugin-transform-modules-commonjs": "^7.16.8",
      "@types/jest": "^27.4.0",
      "eslint-config-prettier": "^8.3.0",
      "husky": "^7.0.0",
      "jest": "^27.4.7"
    },
    "babel": {
      "env": {
        "test": {
          "plugins": [
            "@babel/plugin-transform-modules-commonjs"
          ]
        }
      }
    },
    "scripts": {
      "test": "echo 'hola'",
      "prepare": "husky install"
    },
    "dependencies": {
      "eslint": "^8.7.0"
    }
  }

yarn manifest: 
  No manifest

Lockfile: 
  No lockfile
